[2026-02-24 23:00:01] Starting daily public update...
Updating 95ee371..a35c427
Fast-forward
 SYSTEM_VISUALIZATION.md | 105 ++++++++++++++++++++++++++++++++++++++++++++++++
 1 file changed, 105 insertions(+)
 create mode 100644 SYSTEM_VISUALIZATION.md
[master 451b7aa] Daily update: 2026-02-24 - automated public progress log
 2 files changed, 2 insertions(+), 2 deletions(-)
To https://github.com/richardlaurits/butti-journey.git
   a35c427..451b7aa  master -> master
✅ Push successful
[2026-02-24 23:00:01] Daily update complete: daily-updates/2026-02-24.md
[2026-02-25 23:00:01] Starting daily public update...
Already up to date.
[master ce67d37] Daily update: 2026-02-25 - automated public progress log
 2 files changed, 31 insertions(+)
 create mode 100644 daily-updates/2026-02-25.md
To https://github.com/richardlaurits/butti-journey.git
   451b7aa..ce67d37  master -> master
✅ Push successful
[2026-02-25 23:00:01] Daily update complete: daily-updates/2026-02-25.md
[2026-02-26 23:00:01] Starting daily public update...
Already up to date.
[master 1d4713b] Daily update: 2026-02-26 - automated public progress log
 2 files changed, 31 insertions(+)
 create mode 100644 daily-updates/2026-02-26.md
To https://github.com/richardlaurits/butti-journey.git
   ce67d37..1d4713b  master -> master
✅ Push successful
[2026-02-26 23:00:01] Daily update complete: daily-updates/2026-02-26.md
